<?xml version="1.0" encoding="UTF-8"?>
<testsuite xmlns:xsi="http://www.w3.org/2001/XMLSchema-instance" xsi:noNamespaceSchemaLocation="https://maven.apache.org/surefire/maven-surefire-plugin/xsd/surefire-test-report.xsd" name="MyTest" time="0.049" tests="19" errors="0" skipped="0" failures="0">
  <properties>
[...]
</properties>
  <testcase name="testCardConstructor" classname="MyTest" time="0.023"/>
  <testcase name="testEvaluateBankerDraw1" classname="MyTest" time="0"/>
  <testcase name="testEvaluateBankerDraw2" classname="MyTest" time="0"/>
  <testcase name="testBaccaratDealerConstructor" classname="MyTest" time="0"/>
  <testcase name="testDealHand1" classname="MyTest" time="0.001"/>
  <testcase name="testDealHand2" classname="MyTest" time="0.001"/>
  <testcase name="testGenerateDeck1" classname="MyTest" time="0.001"/>
  <testcase name="testGenerateDeck2" classname="MyTest" time="0"/>
  <testcase name="testHandTotal1" classname="MyTest" time="0"/>
  <testcase name="testHandTotal2" classname="MyTest" time="0"/>
  <testcase name="testBaccaratGameLogicConstructor" classname="MyTest" time="0.002"/>
  <testcase name="testWhoWon1" classname="MyTest" time="0"/>
  <testcase name="testWhoWon2" classname="MyTest" time="0.001"/>
  <testcase name="testDeckSize1" classname="MyTest" time="0"/>
  <testcase name="testDeckSize2" classname="MyTest" time="0.001"/>
  <testcase name="testShuffleDeck1" classname="MyTest" time="0.001"/>
  <testcase name="testShuffleDeck2" classname="MyTest" time="0"/>
  <testcase name="testEvaluatePlayerDraw1" classname="MyTest" time="0"/>
  <testcase name="testEvaluatePlayerDraw2" classname="MyTest" time="0.001"/>
</testsuite>